<?xml version="1.0" encoding="UTF-8"?>
<testsuite xmlns:xsi="http://www.w3.org/2001/XMLSchema-instance" xsi:noNamespaceSchemaLocation="https://maven.apache.org/surefire/maven-surefire-plugin/xsd/surefire-test-report.xsd" name="com.basic.myspringboot.repository.AccountRepositoryTest" time="2.068" tests="2" errors="0" skipped="2" failures="0">
  <properties>
    <property name="gopherProxySet" value="false"/>
    <property name="awt.toolkit" value="sun.lwawt.macosx.LWCToolkit"/>
    <property name="java.specification.version" value="11"/>
    <property name="sun.cpu.isalist" value=""/>
    <property name="sun.jnu.encoding" value="UTF-8"/>
    <property name="java.class.path" value="/Users/jonghwashin/spring_study/multi_Springboot/myspringboot-app/target/test-classes:/Users/jonghwashin/spring_study/multi_Springboot/myspringboot-app/target/classes:/Users/jonghwashin/.m2/repository/org/springframework/boot/spring-boot-starter-data-jpa/2.5.12/spring-boot-starter-data-jpa-2.5.12.jar:/Users/jonghwashin/.m2/repository/org/springframework/boot/spring-boot-starter-aop/2.5.12/spring-boot-starter-aop-2.5.12.jar:/Users/jonghwashin/.m2/repository/org/springframework/spring-aop/5.3.18/spring-aop-5.3.18.jar:/Users/jonghwashin/.m2/repository/org/aspectj/aspectjweaver/1.9.7/aspectjweaver-1.9.7.jar:/Users/jonghwashin/.m2/repository/org/springframework/boot/spring-boot-starter-jdbc/2.5.12/spring-boot-starter-jdbc-2.5.12.jar:/Users/jonghwashin/.m2/repository/com/zaxxer/HikariCP/4.0.3/HikariCP-4.0.3.jar:/Users/jonghwashin/.m2/repository/org/springframework/spring-jdbc/5.3.18/spring-jdbc-5.3.18.jar:/Users/jonghwashin/.m2/repository/jakarta/transaction/jakarta.transaction-api/1.3.3/jakarta.transaction-api-1.3.3.jar:/Users/jonghwashin/.m2/repository/jakarta/persistence/jakarta.persistence-api/2.2.3/jakarta.persistence-api-2.2.3.jar:/Users/jonghwashin/.m2/repository/org/hibernate/hibernate-core/5.4.33/hibernate-core-5.4.33.jar:/Users/jonghwashin/.m2/repository/org/jboss/logging/jboss-logging/3.4.3.Final/jboss-logging-3.4.3.Final.jar:/Users/jonghwashin/.m2/repository/org/javassist/javassist/3.27.0-GA/javassist-3.27.0-GA.jar:/Users/jonghwashin/.m2/repository/net/bytebuddy/byte-buddy/1.10.22/byte-buddy-1.10.22.jar:/Users/jonghwashin/.m2/repository/antlr/antlr/2.7.7/antlr-2.7.7.jar:/Users/jonghwashin/.m2/repository/org/jboss/jandex/2.2.3.Final/jandex-2.2.3.Final.jar:/Users/jonghwashin/.m2/repository/com/fasterxml/classmate/1.5.1/classmate-1.5.1.jar:/Users/jonghwashin/.m2/repository/org/dom4j/dom4j/2.1.3/dom4j-2.1.3.jar:/Users/jonghwashin/.m2/repository/org/hibernate/common/hibernate-commons-annotations/5.1.2.Final/hibernate-commons-annotations-5.1.2.Final.jar:/Users/jonghwashin/.m2/repository/org/glassfish/jaxb/jaxb-runtime/2.3.6/jaxb-runtime-2.3.6.jar:/Users/jonghwashin/.m2/repository/org/glassfish/jaxb/txw2/2.3.6/txw2-2.3.6.jar:/Users/jonghwashin/.m2/repository/com/sun/istack/istack-commons-runtime/3.0.12/istack-commons-runtime-3.0.12.jar:/Users/jonghwashin/.m2/repository/com/sun/activation/jakarta.activation/1.2.2/jakarta.activation-1.2.2.jar:/Users/jonghwashin/.m2/repository/org/springframework/data/spring-data-jpa/2.5.10/spring-data-jpa-2.5.10.jar:/Users/jonghwashin/.m2/repository/org/springframework/data/spring-data-commons/2.5.10/spring-data-commons-2.5.10.jar:/Users/jonghwashin/.m2/repository/org/springframework/spring-orm/5.3.18/spring-orm-5.3.18.jar:/Users/jonghwashin/.m2/repository/org/springframework/spring-context/5.3.18/spring-context-5.3.18.jar:/Users/jonghwashin/.m2/repository/org/springframework/spring-tx/5.3.18/spring-tx-5.3.18.jar:/Users/jonghwashin/.m2/repository/org/springframework/spring-beans/5.3.18/spring-beans-5.3.18.jar:/Users/jonghwashin/.m2/repository/org/slf4j/slf4j-api/1.7.36/slf4j-api-1.7.36.jar:/Users/jonghwashin/.m2/repository/org/springframework/spring-aspects/5.3.18/spring-aspects-5.3.18.jar:/Users/jonghwashin/.m2/repository/org/springframework/boot/spring-boot-starter-thymeleaf/2.5.12/spring-boot-starter-thymeleaf-2.5.12.jar:/Users/jonghwashin/.m2/repository/org/springframework/boot/spring-boot-starter/2.5.12/spring-boot-starter-2.5.12.jar:/Users/jonghwashin/.m2/repository/org/springframework/boot/spring-boot-starter-logging/2.5.12/spring-boot-starter-logging-2.5.12.jar:/Users/jonghwashin/.m2/repository/ch/qos/logback/logback-classic/1.2.11/logback-classic-1.2.11.jar:/Users/jonghwashin/.m2/repository/ch/qos/logback/logback-core/1.2.11/logback-core-1.2.11.jar:/Users/jonghwashin/.m2/repository/org/apache/logging/log4j/log4j-to-slf4j/2.17.2/log4j-to-slf4j-2.17.2.jar:/Users/jonghwashin/.m2/repository/org/apache/logging/log4j/log4j-api/2.17.2/log4j-api-2.17.2.jar:/Users/jonghwashin/.m2/repository/org/slf4j/jul-to-slf4j/1.7.36/jul-to-slf4j-1.7.36.jar:/Users/jonghwashin/.m2/repository/jakarta/annotation/jakarta.annotation-api/1.3.5/jakarta.annotation-api-1.3.5.jar:/Users/jonghwashin/.m2/repository/org/yaml/snakeyaml/1.28/snakeyaml-1.28.jar:/Users/jonghwashin/.m2/repository/org/thymeleaf/thymeleaf-spring5/3.0.15.RELEASE/thymeleaf-spring5-3.0.15.RELEASE.jar:/Users/jonghwashin/.m2/repository/org/thymeleaf/thymeleaf/3.0.15.RELEASE/thymeleaf-3.0.15.RELEASE.jar:/Users/jonghwashin/.m2/repository/org/attoparser/attoparser/2.0.5.RELEASE/attoparser-2.0.5.RELEASE.jar:/Users/jonghwashin/.m2/repository/org/unbescape/unbescape/1.1.6.RELEASE/unbescape-1.1.6.RELEASE.jar:/Users/jonghwashin/.m2/repository/org/thymeleaf/extras/thymeleaf-extras-java8time/3.0.4.RELEASE/thymeleaf-extras-java8time-3.0.4.RELEASE.jar:/Users/jonghwashin/.m2/repository/org/springframework/boot/spring-boot-starter-web/2.5.12/spring-boot-starter-web-2.5.12.jar:/Users/jonghwashin/.m2/repository/org/springframework/boot/spring-boot-starter-json/2.5.12/spring-boot-starter-json-2.5.12.jar:/Users/jonghwashin/.m2/repository/com/fasterxml/jackson/core/jackson-databind/2.12.6.1/jackson-databind-2.12.6.1.jar:/Users/jonghwashin/.m2/repository/com/fasterxml/jackson/core/jackson-annotations/2.12.6/jackson-annotations-2.12.6.jar:/Users/jonghwashin/.m2/repository/com/fasterxml/jackson/core/jackson-core/2.12.6/jackson-core-2.12.6.jar:/Users/jonghwashin/.m2/repository/com/fasterxml/jackson/datatype/jackson-datatype-jdk8/2.12.6/jackson-datatype-jdk8-2.12.6.jar:/Users/jonghwashin/.m2/repository/com/fasterxml/jackson/datatype/jackson-datatype-jsr310/2.12.6/jackson-datatype-jsr310-2.12.6.jar:/Users/jonghwashin/.m2/repository/com/fasterxml/jackson/module/jackson-module-parameter-names/2.12.6/jackson-module-parameter-names-2.12.6.jar:/Users/jonghwashin/.m2/repository/org/springframework/boot/spring-boot-starter-tomcat/2.5.12/spring-boot-starter-tomcat-2.5.12.jar:/Users/jonghwashin/.m2/repository/org/apache/tomcat/embed/tomcat-embed-core/9.0.60/tomcat-embed-core-9.0.60.jar:/Users/jonghwashin/.m2/repository/org/apache/tomcat/embed/tomcat-embed-el/9.0.60/tomcat-embed-el-9.0.60.jar:/Users/jonghwashin/.m2/repository/org/apache/tomcat/embed/tomcat-embed-websocket/9.0.60/tomcat-embed-websocket-9.0.60.jar:/Users/jonghwashin/.m2/repository/org/springframework/spring-web/5.3.18/spring-web-5.3.18.jar:/Users/jonghwashin/.m2/repository/org/springframework/spring-webmvc/5.3.18/spring-webmvc-5.3.18.jar:/Users/jonghwashin/.m2/repository/org/springframework/spring-expression/5.3.18/spring-expression-5.3.18.jar:/Users/jonghwashin/.m2/repository/org/springframework/boot/spring-boot-devtools/2.5.12/spring-boot-devtools-2.5.12.jar:/Users/jonghwashin/.m2/repository/org/springframework/boot/spring-boot/2.5.12/spring-boot-2.5.12.jar:/Users/jonghwashin/.m2/repository/org/springframework/boot/spring-boot-autoconfigure/2.5.12/spring-boot-autoconfigure-2.5.12.jar:/Users/jonghwashin/.m2/repository/com/h2database/h2/1.4.200/h2-1.4.200.jar:/Users/jonghwashin/.m2/repository/org/mariadb/jdbc/mariadb-java-client/2.7.5/mariadb-java-client-2.7.5.jar:/Users/jonghwashin/.m2/repository/org/projectlombok/lombok/1.18.22/lombok-1.18.22.jar:/Users/jonghwashin/.m2/repository/org/springframework/boot/spring-boot-starter-test/2.5.12/spring-boot-starter-test-2.5.12.jar:/Users/jonghwashin/.m2/repository/org/springframework/boot/spring-boot-test/2.5.12/spring-boot-test-2.5.12.jar:/Users/jonghwashin/.m2/repository/org/springframework/boot/spring-boot-test-autoconfigure/2.5.12/spring-boot-test-autoconfigure-2.5.12.jar:/Users/jonghwashin/.m2/repository/com/jayway/jsonpath/json-path/2.5.0/json-path-2.5.0.jar:/Users/jonghwashin/.m2/repository/net/minidev/json-smart/2.4.8/json-smart-2.4.8.jar:/Users/jonghwashin/.m2/repository/net/minidev/accessors-smart/2.4.8/accessors-smart-2.4.8.jar:/Users/jonghwashin/.m2/repository/org/ow2/asm/asm/9.1/asm-9.1.jar:/Users/jonghwashin/.m2/repository/jakarta/xml/bind/jakarta.xml.bind-api/2.3.3/jakarta.xml.bind-api-2.3.3.jar:/Users/jonghwashin/.m2/repository/jakarta/activation/jakarta.activation-api/1.2.2/jakarta.activation-api-1.2.2.jar:/Users/jonghwashin/.m2/repository/org/assertj/assertj-core/3.19.0/assertj-core-3.19.0.jar:/Users/jonghwashin/.m2/repository/org/hamcrest/hamcrest/2.2/hamcrest-2.2.jar:/Users/jonghwashin/.m2/repository/org/junit/jupiter/junit-jupiter/5.7.2/junit-jupiter-5.7.2.jar:/Users/jonghwashin/.m2/repository/org/junit/jupiter/junit-jupiter-api/5.7.2/junit-jupiter-api-5.7.2.jar:/Users/jonghwashin/.m2/repository/org/apiguardian/apiguardian-api/1.1.0/apiguardian-api-1.1.0.jar:/Users/jonghwashin/.m2/repository/org/opentest4j/opentest4j/1.2.0/opentest4j-1.2.0.jar:/Users/jonghwashin/.m2/repository/org/junit/platform/junit-platform-commons/1.7.2/junit-platform-commons-1.7.2.jar:/Users/jonghwashin/.m2/repository/org/junit/jupiter/junit-jupiter-params/5.7.2/junit-jupiter-params-5.7.2.jar:/Users/jonghwashin/.m2/repository/org/junit/jupiter/junit-jupiter-engine/5.7.2/junit-jupiter-engine-5.7.2.jar:/Users/jonghwashin/.m2/repository/org/junit/platform/junit-platform-engine/1.7.2/junit-platform-engine-1.7.2.jar:/Users/jonghwashin/.m2/repository/org/mockito/mockito-core/3.9.0/mockito-core-3.9.0.jar:/Users/jonghwashin/.m2/repository/net/bytebuddy/byte-buddy-agent/1.10.22/byte-buddy-agent-1.10.22.jar:/Users/jonghwashin/.m2/repository/org/objenesis/objenesis/3.2/objenesis-3.2.jar:/Users/jonghwashin/.m2/repository/org/mockito/mockito-junit-jupiter/3.9.0/mockito-junit-jupiter-3.9.0.jar:/Users/jonghwashin/.m2/repository/org/skyscreamer/jsonassert/1.5.0/jsonassert-1.5.0.jar:/Users/jonghwashin/.m2/repository/com/vaadin/external/google/android-json/0.0.20131108.vaadin1/android-json-0.0.20131108.vaadin1.jar:/Users/jonghwashin/.m2/repository/org/springframework/spring-core/5.3.18/spring-core-5.3.18.jar:/Users/jonghwashin/.m2/repository/org/springframework/spring-jcl/5.3.18/spring-jcl-5.3.18.jar:/Users/jonghwashin/.m2/repository/org/springframework/spring-test/5.3.18/spring-test-5.3.18.jar:/Users/jonghwashin/.m2/repository/org/xmlunit/xmlunit-core/2.8.4/xmlunit-core-2.8.4.jar:"/>
    <property name="java.vm.vendor" value="Azul Systems, Inc."/>
    <property name="sun.arch.data.model" value="64"/>
    <property name="java.vendor.url" value="http://www.azul.com/"/>
    <property name="user.timezone" value=""/>
    <property name="java.vm.specification.version" value="11"/>
    <property name="os.name" value="Mac OS X"/>
    <property name="sun.java.launcher" value="SUN_STANDARD"/>
    <property name="user.country" value="KR"/>
    <property name="sun.boot.library.path" value="/Library/Java/JavaVirtualMachines/zulu-11.jdk/Contents/Home/lib"/>
    <property name="sun.java.command" value="/Users/jonghwashin/spring_study/multi_Springboot/myspringboot-app/target/surefire/surefirebooter13754212074923931827.jar /Users/jonghwashin/spring_study/multi_Springboot/myspringboot-app/target/surefire 2022-04-25T15-54-15_139-jvmRun1 surefire6478698369405357213tmp surefire_011675791917484849217tmp"/>
    <property name="http.nonProxyHosts" value="local|*.local|169.254/16|*.169.254/16"/>
    <property name="jdk.debug" value="release"/>
    <property name="surefire.test.class.path" value="/Users/jonghwashin/spring_study/multi_Springboot/myspringboot-app/target/test-classes:/Users/jonghwashin/spring_study/multi_Springboot/myspringboot-app/target/classes:/Users/jonghwashin/.m2/repository/org/springframework/boot/spring-boot-starter-data-jpa/2.5.12/spring-boot-starter-data-jpa-2.5.12.jar:/Users/jonghwashin/.m2/repository/org/springframework/boot/spring-boot-starter-aop/2.5.12/spring-boot-starter-aop-2.5.12.jar:/Users/jonghwashin/.m2/repository/org/springframework/spring-aop/5.3.18/spring-aop-5.3.18.jar:/Users/jonghwashin/.m2/repository/org/aspectj/aspectjweaver/1.9.7/aspectjweaver-1.9.7.jar:/Users/jonghwashin/.m2/repository/org/springframework/boot/spring-boot-starter-jdbc/2.5.12/spring-boot-starter-jdbc-2.5.12.jar:/Users/jonghwashin/.m2/repository/com/zaxxer/HikariCP/4.0.3/HikariCP-4.0.3.jar:/Users/jonghwashin/.m2/repository/org/springframework/spring-jdbc/5.3.18/spring-jdbc-5.3.18.jar:/Users/jonghwashin/.m2/repository/jakarta/transaction/jakarta.transaction-api/1.3.3/jakarta.transaction-api-1.3.3.jar:/Users/jonghwashin/.m2/repository/jakarta/persistence/jakarta.persistence-api/2.2.3/jakarta.persistence-api-2.2.3.jar:/Users/jonghwashin/.m2/repository/org/hibernate/hibernate-core/5.4.33/hibernate-core-5.4.33.jar:/Users/jonghwashin/.m2/repository/org/jboss/logging/jboss-logging/3.4.3.Final/jboss-logging-3.4.3.Final.jar:/Users/jonghwashin/.m2/repository/org/javassist/javassist/3.27.0-GA/javassist-3.27.0-GA.jar:/Users/jonghwashin/.m2/repository/net/bytebuddy/byte-buddy/1.10.22/byte-buddy-1.10.22.jar:/Users/jonghwashin/.m2/repository/antlr/antlr/2.7.7/antlr-2.7.7.jar:/Users/jonghwashin/.m2/repository/org/jboss/jandex/2.2.3.Final/jandex-2.2.3.Final.jar:/Users/jonghwashin/.m2/repository/com/fasterxml/classmate/1.5.1/classmate-1.5.1.jar:/Users/jonghwashin/.m2/repository/org/dom4j/dom4j/2.1.3/dom4j-2.1.3.jar:/Users/jonghwashin/.m2/repository/org/hibernate/common/hibernate-commons-annotations/5.1.2.Final/hibernate-commons-annotations-5.1.2.Final.jar:/Users/jonghwashin/.m2/repository/org/glassfish/jaxb/jaxb-runtime/2.3.6/jaxb-runtime-2.3.6.jar:/Users/jonghwashin/.m2/repository/org/glassfish/jaxb/txw2/2.3.6/txw2-2.3.6.jar:/Users/jonghwashin/.m2/repository/com/sun/istack/istack-commons-runtime/3.0.12/istack-commons-runtime-3.0.12.jar:/Users/jonghwashin/.m2/repository/com/sun/activation/jakarta.activation/1.2.2/jakarta.activation-1.2.2.jar:/Users/jonghwashin/.m2/repository/org/springframework/data/spring-data-jpa/2.5.10/spring-data-jpa-2.5.10.jar:/Users/jonghwashin/.m2/repository/org/springframework/data/spring-data-commons/2.5.10/spring-data-commons-2.5.10.jar:/Users/jonghwashin/.m2/repository/org/springframework/spring-orm/5.3.18/spring-orm-5.3.18.jar:/Users/jonghwashin/.m2/repository/org/springframework/spring-context/5.3.18/spring-context-5.3.18.jar:/Users/jonghwashin/.m2/repository/org/springframework/spring-tx/5.3.18/spring-tx-5.3.18.jar:/Users/jonghwashin/.m2/repository/org/springframework/spring-beans/5.3.18/spring-beans-5.3.18.jar:/Users/jonghwashin/.m2/repository/org/slf4j/slf4j-api/1.7.36/slf4j-api-1.7.36.jar:/Users/jonghwashin/.m2/repository/org/springframework/spring-aspects/5.3.18/spring-aspects-5.3.18.jar:/Users/jonghwashin/.m2/repository/org/springframework/boot/spring-boot-starter-thymeleaf/2.5.12/spring-boot-starter-thymeleaf-2.5.12.jar:/Users/jonghwashin/.m2/repository/org/springframework/boot/spring-boot-starter/2.5.12/spring-boot-starter-2.5.12.jar:/Users/jonghwashin/.m2/repository/org/springframework/boot/spring-boot-starter-logging/2.5.12/spring-boot-starter-logging-2.5.12.jar:/Users/jonghwashin/.m2/repository/ch/qos/logback/logback-classic/1.2.11/logback-classic-1.2.11.jar:/Users/jonghwashin/.m2/repository/ch/qos/logback/logback-core/1.2.11/logback-core-1.2.11.jar:/Users/jonghwashin/.m2/repository/org/apache/logging/log4j/log4j-to-slf4j/2.17.2/log4j-to-slf4j-2.17.2.jar:/Users/jonghwashin/.m2/repository/org/apache/logging/log4j/log4j-api/2.17.2/log4j-api-2.17.2.jar:/Users/jonghwashin/.m2/repository/org/slf4j/jul-to-slf4j/1.7.36/jul-to-slf4j-1.7.36.jar:/Users/jonghwashin/.m2/repository/jakarta/annotation/jakarta.annotation-api/1.3.5/jakarta.annotation-api-1.3.5.jar:/Users/jonghwashin/.m2/repository/org/yaml/snakeyaml/1.28/snakeyaml-1.28.jar:/Users/jonghwashin/.m2/repository/org/thymeleaf/thymeleaf-spring5/3.0.15.RELEASE/thymeleaf-spring5-3.0.15.RELEASE.jar:/Users/jonghwashin/.m2/repository/org/thymeleaf/thymeleaf/3.0.15.RELEASE/thymeleaf-3.0.15.RELEASE.jar:/Users/jonghwashin/.m2/repository/org/attoparser/attoparser/2.0.5.RELEASE/attoparser-2.0.5.RELEASE.jar:/Users/jonghwashin/.m2/repository/org/unbescape/unbescape/1.1.6.RELEASE/unbescape-1.1.6.RELEASE.jar:/Users/jonghwashin/.m2/repository/org/thymeleaf/extras/thymeleaf-extras-java8time/3.0.4.RELEASE/thymeleaf-extras-java8time-3.0.4.RELEASE.jar:/Users/jonghwashin/.m2/repository/org/springframework/boot/spring-boot-starter-web/2.5.12/spring-boot-starter-web-2.5.12.jar:/Users/jonghwashin/.m2/repository/org/springframework/boot/spring-boot-starter-json/2.5.12/spring-boot-starter-json-2.5.12.jar:/Users/jonghwashin/.m2/repository/com/fasterxml/jackson/core/jackson-databind/2.12.6.1/jackson-databind-2.12.6.1.jar:/Users/jonghwashin/.m2/repository/com/fasterxml/jackson/core/jackson-annotations/2.12.6/jackson-annotations-2.12.6.jar:/Users/jonghwashin/.m2/repository/com/fasterxml/jackson/core/jackson-core/2.12.6/jackson-core-2.12.6.jar:/Users/jonghwashin/.m2/repository/com/fasterxml/jackson/datatype/jackson-datatype-jdk8/2.12.6/jackson-datatype-jdk8-2.12.6.jar:/Users/jonghwashin/.m2/repository/com/fasterxml/jackson/datatype/jackson-datatype-jsr310/2.12.6/jackson-datatype-jsr310-2.12.6.jar:/Users/jonghwashin/.m2/repository/com/fasterxml/jackson/module/jackson-module-parameter-names/2.12.6/jackson-module-parameter-names-2.12.6.jar:/Users/jonghwashin/.m2/repository/org/springframework/boot/spring-boot-starter-tomcat/2.5.12/spring-boot-starter-tomcat-2.5.12.jar:/Users/jonghwashin/.m2/repository/org/apache/tomcat/embed/tomcat-embed-core/9.0.60/tomcat-embed-core-9.0.60.jar:/Users/jonghwashin/.m2/repository/org/apache/tomcat/embed/tomcat-embed-el/9.0.60/tomcat-embed-el-9.0.60.jar:/Users/jonghwashin/.m2/repository/org/apache/tomcat/embed/tomcat-embed-websocket/9.0.60/tomcat-embed-websocket-9.0.60.jar:/Users/jonghwashin/.m2/repository/org/springframework/spring-web/5.3.18/spring-web-5.3.18.jar:/Users/jonghwashin/.m2/repository/org/springframework/spring-webmvc/5.3.18/spring-webmvc-5.3.18.jar:/Users/jonghwashin/.m2/repository/org/springframework/spring-expression/5.3.18/spring-expression-5.3.18.jar:/Users/jonghwashin/.m2/repository/org/springframework/boot/spring-boot-devtools/2.5.12/spring-boot-devtools-2.5.12.jar:/Users/jonghwashin/.m2/repository/org/springframework/boot/spring-boot/2.5.12/spring-boot-2.5.12.jar:/Users/jonghwashin/.m2/repository/org/springframework/boot/spring-boot-autoconfigure/2.5.12/spring-boot-autoconfigure-2.5.12.jar:/Users/jonghwashin/.m2/repository/com/h2database/h2/1.4.200/h2-1.4.200.jar:/Users/jonghwashin/.m2/repository/org/mariadb/jdbc/mariadb-java-client/2.7.5/mariadb-java-client-2.7.5.jar:/Users/jonghwashin/.m2/repository/org/projectlombok/lombok/1.18.22/lombok-1.18.22.jar:/Users/jonghwashin/.m2/repository/org/springframework/boot/spring-boot-starter-test/2.5.12/spring-boot-starter-test-2.5.12.jar:/Users/jonghwashin/.m2/repository/org/springframework/boot/spring-boot-test/2.5.12/spring-boot-test-2.5.12.jar:/Users/jonghwashin/.m2/repository/org/springframework/boot/spring-boot-test-autoconfigure/2.5.12/spring-boot-test-autoconfigure-2.5.12.jar:/Users/jonghwashin/.m2/repository/com/jayway/jsonpath/json-path/2.5.0/json-path-2.5.0.jar:/Users/jonghwashin/.m2/repository/net/minidev/json-smart/2.4.8/json-smart-2.4.8.jar:/Users/jonghwashin/.m2/repository/net/minidev/accessors-smart/2.4.8/accessors-smart-2.4.8.jar:/Users/jonghwashin/.m2/repository/org/ow2/asm/asm/9.1/asm-9.1.jar:/Users/jonghwashin/.m2/repository/jakarta/xml/bind/jakarta.xml.bind-api/2.3.3/jakarta.xml.bind-api-2.3.3.jar:/Users/jonghwashin/.m2/repository/jakarta/activation/jakarta.activation-api/1.2.2/jakarta.activation-api-1.2.2.jar:/Users/jonghwashin/.m2/repository/org/assertj/assertj-core/3.19.0/assertj-core-3.19.0.jar:/Users/jonghwashin/.m2/repository/org/hamcrest/hamcrest/2.2/hamcrest-2.2.jar:/Users/jonghwashin/.m2/repository/org/junit/jupiter/junit-jupiter/5.7.2/junit-jupiter-5.7.2.jar:/Users/jonghwashin/.m2/repository/org/junit/jupiter/junit-jupiter-api/5.7.2/junit-jupiter-api-5.7.2.jar:/Users/jonghwashin/.m2/repository/org/apiguardian/apiguardian-api/1.1.0/apiguardian-api-1.1.0.jar:/Users/jonghwashin/.m2/repository/org/opentest4j/opentest4j/1.2.0/opentest4j-1.2.0.jar:/Users/jonghwashin/.m2/repository/org/junit/platform/junit-platform-commons/1.7.2/junit-platform-commons-1.7.2.jar:/Users/jonghwashin/.m2/repository/org/junit/jupiter/junit-jupiter-params/5.7.2/junit-jupiter-params-5.7.2.jar:/Users/jonghwashin/.m2/repository/org/junit/jupiter/junit-jupiter-engine/5.7.2/junit-jupiter-engine-5.7.2.jar:/Users/jonghwashin/.m2/repository/org/junit/platform/junit-platform-engine/1.7.2/junit-platform-engine-1.7.2.jar:/Users/jonghwashin/.m2/repository/org/mockito/mockito-core/3.9.0/mockito-core-3.9.0.jar:/Users/jonghwashin/.m2/repository/net/bytebuddy/byte-buddy-agent/1.10.22/byte-buddy-agent-1.10.22.jar:/Users/jonghwashin/.m2/repository/org/objenesis/objenesis/3.2/objenesis-3.2.jar:/Users/jonghwashin/.m2/repository/org/mockito/mockito-junit-jupiter/3.9.0/mockito-junit-jupiter-3.9.0.jar:/Users/jonghwashin/.m2/repository/org/skyscreamer/jsonassert/1.5.0/jsonassert-1.5.0.jar:/Users/jonghwashin/.m2/repository/com/vaadin/external/google/android-json/0.0.20131108.vaadin1/android-json-0.0.20131108.vaadin1.jar:/Users/jonghwashin/.m2/repository/org/springframework/spring-core/5.3.18/spring-core-5.3.18.jar:/Users/jonghwashin/.m2/repository/org/springframework/spring-jcl/5.3.18/spring-jcl-5.3.18.jar:/Users/jonghwashin/.m2/repository/org/springframework/spring-test/5.3.18/spring-test-5.3.18.jar:/Users/jonghwashin/.m2/repository/org/xmlunit/xmlunit-core/2.8.4/xmlunit-core-2.8.4.jar:"/>
    <property name="sun.cpu.endian" value="little"/>
    <property name="user.home" value="/Users/jonghwashin"/>
    <property name="user.language" value="ko"/>
    <property name="java.specification.vendor" value="Oracle Corporation"/>
    <property name="java.version.date" value="2022-02-08"/>
    <property name="java.home" value="/Library/Java/JavaVirtualMachines/zulu-11.jdk/Contents/Home"/>
    <property name="file.separator" value="/"/>
    <property name="basedir" value="/Users/jonghwashin/spring_study/multi_Springboot/myspringboot-app"/>
    <property name="java.vm.compressedOopsMode" value="Zero based"/>
    <property name="line.separator" value="&#10;"/>
    <property name="java.specification.name" value="Java Platform API Specification"/>
    <property name="java.vm.specification.vendor" value="Oracle Corporation"/>
    <property name="jdk.vendor.version" value="Zulu11.54+25-CA"/>
    <property name="java.awt.graphicsenv" value="sun.awt.CGraphicsEnvironment"/>
    <property name="surefire.real.class.path" value="/Users/jonghwashin/spring_study/multi_Springboot/myspringboot-app/target/surefire/surefirebooter13754212074923931827.jar"/>
    <property name="sun.management.compiler" value="HotSpot 64-Bit Tiered Compilers"/>
    <property name="ftp.nonProxyHosts" value="local|*.local|169.254/16|*.169.254/16"/>
    <property name="java.runtime.version" value="11.0.14.1+1-LTS"/>
    <property name="user.name" value="jonghwashin"/>
    <property name="path.separator" value=":"/>
    <property name="os.version" value="12.3"/>
    <property name="java.runtime.name" value="OpenJDK Runtime Environment"/>
    <property name="file.encoding" value="UTF-8"/>
    <property name="java.vm.name" value="OpenJDK 64-Bit Server VM"/>
    <property name="java.vendor.version" value="Zulu11.54+25-CA"/>
    <property name="localRepository" value="/Users/jonghwashin/.m2/repository"/>
    <property name="java.vendor.url.bug" value="http://www.azul.com/support/"/>
    <property name="java.io.tmpdir" value="/var/folders/dk/5vb9bsmj1330grh5p1gtsy3h0000gn/T/"/>
    <property name="java.version" value="11.0.14.1"/>
    <property name="user.dir" value="/Users/jonghwashin/spring_study/multi_Springboot/myspringboot-app"/>
    <property name="os.arch" value="aarch64"/>
    <property name="java.vm.specification.name" value="Java Virtual Machine Specification"/>
    <property name="java.awt.printerjob" value="sun.lwawt.macosx.CPrinterJob"/>
    <property name="sun.os.patch.level" value="unknown"/>
    <property name="java.library.path" value="/Users/jonghwashin/Library/Java/Extensions:/Library/Java/Extensions:/Network/Library/Java/Extensions:/System/Library/Java/Extensions:/usr/lib/java:."/>
    <property name="java.vm.info" value="mixed mode"/>
    <property name="java.vendor" value="Azul Systems, Inc."/>
    <property name="java.vm.version" value="11.0.14.1+1-LTS"/>
    <property name="sun.io.unicode.encoding" value="UnicodeBig"/>
    <property name="java.class.version" value="55.0"/>
    <property name="socksNonProxyHosts" value="local|*.local|169.254/16|*.169.254/16"/>
  </properties>
  <testcase name="finder" classname="com.basic.myspringboot.repository.AccountRepositoryTest" time="0">
    <skipped message="public void com.basic.myspringboot.repository.AccountRepositoryTest.finder() throws java.lang.Exception is @Disabled"/>
    <system-out><![CDATA[15:54:19.683 [main] DEBUG org.springframework.test.context.BootstrapUtils - Instantiating CacheAwareContextLoaderDelegate from class [org.springframework.test.context.cache.DefaultCacheAwareContextLoaderDelegate]
15:54:19.687 [main] DEBUG org.springframework.test.context.BootstrapUtils - Instantiating BootstrapContext using constructor [public org.springframework.test.context.support.DefaultBootstrapContext(java.lang.Class,org.springframework.test.context.CacheAwareContextLoaderDelegate)]
15:54:19.706 [main] DEBUG org.springframework.test.context.BootstrapUtils - Instantiating TestContextBootstrapper for test class [com.basic.myspringboot.repository.AccountRepositoryTest] from class [org.springframework.boot.test.context.SpringBootTestContextBootstrapper]
15:54:19.712 [main] INFO org.springframework.boot.test.context.SpringBootTestContextBootstrapper - Neither @ContextConfiguration nor @ContextHierarchy found for test class [com.basic.myspringboot.repository.AccountRepositoryTest], using SpringBootContextLoader
15:54:19.714 [main] DEBUG org.springframework.test.context.support.AbstractContextLoader - Did not detect default resource location for test class [com.basic.myspringboot.repository.AccountRepositoryTest]: class path resource [com/basic/myspringboot/repository/AccountRepositoryTest-context.xml] does not exist
15:54:19.715 [main] DEBUG org.springframework.test.context.support.AbstractContextLoader - Did not detect default resource location for test class [com.basic.myspringboot.repository.AccountRepositoryTest]: class path resource [com/basic/myspringboot/repository/AccountRepositoryTestContext.groovy] does not exist
15:54:19.715 [main] INFO org.springframework.test.context.support.AbstractContextLoader - Could not detect default resource locations for test class [com.basic.myspringboot.repository.AccountRepositoryTest]: no resource found for suffixes {-context.xml, Context.groovy}.
15:54:19.715 [main] INFO org.springframework.test.context.support.AnnotationConfigContextLoaderUtils - Could not detect default configuration classes for test class [com.basic.myspringboot.repository.AccountRepositoryTest]: AccountRepositoryTest does not declare any static, non-private, non-final, nested classes annotated with @Configuration.
15:54:19.756 [main] DEBUG org.springframework.test.context.support.ActiveProfilesUtils - Could not find an 'annotation declaring class' for annotation type [org.springframework.test.context.ActiveProfiles] and class [com.basic.myspringboot.repository.AccountRepositoryTest]
15:54:19.789 [main] DEBUG org.springframework.context.annotation.ClassPathScanningCandidateComponentProvider - Identified candidate component class: file [/Users/jonghwashin/spring_study/multi_Springboot/myspringboot-app/target/classes/com/basic/myspringboot/MyspringbootAppApplication.class]
15:54:19.789 [main] INFO org.springframework.boot.test.context.SpringBootTestContextBootstrapper - Found @SpringBootConfiguration com.basic.myspringboot.MyspringbootAppApplication for test class com.basic.myspringboot.repository.AccountRepositoryTest
15:54:19.834 [main] DEBUG org.springframework.boot.test.context.SpringBootTestContextBootstrapper - @TestExecutionListeners is not present for class [com.basic.myspringboot.repository.AccountRepositoryTest]: using defaults.
15:54:19.834 [main] INFO org.springframework.boot.test.context.SpringBootTestContextBootstrapper - Loaded default TestExecutionListener class names from location [META-INF/spring.factories]: [org.springframework.boot.test.mock.mockito.MockitoTestExecutionListener, org.springframework.boot.test.mock.mockito.ResetMocksTestExecutionListener, org.springframework.boot.test.autoconfigure.restdocs.RestDocsTestExecutionListener, org.springframework.boot.test.autoconfigure.web.client.MockRestServiceServerResetTestExecutionListener, org.springframework.boot.test.autoconfigure.web.servlet.MockMvcPrintOnlyOnFailureTestExecutionListener, org.springframework.boot.test.autoconfigure.web.servlet.WebDriverTestExecutionListener, org.springframework.boot.test.autoconfigure.webservices.client.MockWebServiceServerTestExecutionListener, org.springframework.test.context.web.ServletTestExecutionListener, org.springframework.test.context.support.DirtiesContextBeforeModesTestExecutionListener, org.springframework.test.context.event.ApplicationEventsTestExecutionListener, org.springframework.test.context.support.DependencyInjectionTestExecutionListener, org.springframework.test.context.support.DirtiesContextTestExecutionListener, org.springframework.test.context.transaction.TransactionalTestExecutionListener, org.springframework.test.context.jdbc.SqlScriptsTestExecutionListener, org.springframework.test.context.event.EventPublishingTestExecutionListener]
15:54:19.843 [main] INFO org.springframework.boot.test.context.SpringBootTestContextBootstrapper - Using TestExecutionListeners: [org.springframework.test.context.web.ServletTestExecutionListener@4c5474f5, org.springframework.test.context.support.DirtiesContextBeforeModesTestExecutionListener@2f4205be, org.springframework.test.context.event.ApplicationEventsTestExecutionListener@54e22bdd, org.springframework.boot.test.mock.mockito.MockitoTestExecutionListener@3bd418e4, org.springframework.boot.test.autoconfigure.SpringBootDependencyInjectionTestExecutionListener@544820b7, org.springframework.test.context.support.DirtiesContextTestExecutionListener@6b98a075, org.springframework.test.context.transaction.TransactionalTestExecutionListener@2e61d218, org.springframework.test.context.jdbc.SqlScriptsTestExecutionListener@3569fc08, org.springframework.test.context.event.EventPublishingTestExecutionListener@20b12f8a, org.springframework.boot.test.mock.mockito.ResetMocksTestExecutionListener@e84a8e1, org.springframework.boot.test.autoconfigure.restdocs.RestDocsTestExecutionListener@2e554a3b, org.springframework.boot.test.autoconfigure.web.client.MockRestServiceServerResetTestExecutionListener@54a67a45, org.springframework.boot.test.autoconfigure.web.servlet.MockMvcPrintOnlyOnFailureTestExecutionListener@7d42c224, org.springframework.boot.test.autoconfigure.web.servlet.WebDriverTestExecutionListener@56aaaecd, org.springframework.boot.test.autoconfigure.webservices.client.MockWebServiceServerTestExecutionListener@522a32b1]
15:54:19.845 [main] DEBUG org.springframework.test.context.support.AbstractDirtiesContextTestExecutionListener - Before test class: context [DefaultTestContext@52d239ba testClass = AccountRepositoryTest, testInstance = [null], testMethod = [null], testException = [null], mergedContextConfiguration = [WebMergedContextConfiguration@315f43d5 testClass = AccountRepositoryTest, locations = '{}', classes = '{class com.basic.myspringboot.MyspringbootAppApplication}', contextInitializerClasses = '[]', activeProfiles = '{}', propertySourceLocations = '{}', propertySourceProperties = '{org.springframework.boot.test.context.SpringBootTestContextBootstrapper=true}', contextCustomizers = set[org.springframework.boot.test.context.filter.ExcludeFilterContextCustomizer@72d6b3ba, org.springframework.boot.test.json.DuplicateJsonObjectContextCustomizerFactory$DuplicateJsonObjectContextCustomizer@163370c2, org.springframework.boot.test.mock.mockito.MockitoContextCustomizer@0, org.springframework.boot.test.web.client.TestRestTemplateContextCustomizer@19976a65, org.springframework.boot.test.autoconfigure.actuate.metrics.MetricsExportContextCustomizerFactory$DisableMetricExportContextCustomizer@56dc1551, org.springframework.boot.test.autoconfigure.properties.PropertyMappingContextCustomizer@0, org.springframework.boot.test.autoconfigure.web.servlet.WebDriverContextCustomizerFactory$Customizer@72ef8d15, org.springframework.boot.test.context.SpringBootTestArgs@1, org.springframework.boot.test.context.SpringBootTestWebEnvironment@20d28811], resourceBasePath = 'src/main/webapp', contextLoader = 'org.springframework.boot.test.context.SpringBootContextLoader', parent = [null]], attributes = map['org.springframework.test.context.web.ServletTestExecutionListener.activateListener' -> true]], class annotated with @DirtiesContext [false] with mode [null].

  .   ____          _            __ _ _
 /\\ / ___'_ __ _ _(_)_ __  __ _ \ \ \ \
( ( )\___ | '_ | '_| | '_ \/ _` | \ \ \ \
 \\/  ___)| |_)| | | | | || (_| |  ) ) ) )
  '  |____| .__|_| |_|_| |_\__, | / / / /
 =========|_|==============|___/=/_/_/_/
 :: Spring Boot ::               (v2.5.12)

2022-04-25 15:54:20.032  INFO 81582 --- [           main] c.b.m.repository.AccountRepositoryTest   : Starting AccountRepositoryTest using Java 11.0.14.1 on JONGHWAui-M1-MacBookAir.local with PID 81582 (started by jonghwashin in /Users/jonghwashin/spring_study/multi_Springboot/myspringboot-app)
2022-04-25 15:54:20.033  INFO 81582 --- [           main] c.b.m.repository.AccountRepositoryTest   : The following 1 profile is active: "test"
2022-04-25 15:54:20.344  INFO 81582 --- [           main] .s.d.r.c.RepositoryConfigurationDelegate : Bootstrapping Spring Data JPA repositories in DEFAULT mode.
2022-04-25 15:54:20.368  INFO 81582 --- [           main] .s.d.r.c.RepositoryConfigurationDelegate : Finished Spring Data repository scanning in 20 ms. Found 2 JPA repository interfaces.
2022-04-25 15:54:20.636  INFO 81582 --- [           main] o.hibernate.jpa.internal.util.LogHelper  : HHH000204: Processing PersistenceUnitInfo [name: default]
2022-04-25 15:54:20.663  INFO 81582 --- [           main] org.hibernate.Version                    : HHH000412: Hibernate ORM core version 5.4.33
2022-04-25 15:54:20.740  INFO 81582 --- [           main] o.hibernate.annotations.common.Version   : HCANN000001: Hibernate Commons Annotations {5.1.2.Final}
2022-04-25 15:54:20.792  INFO 81582 --- [           main] com.zaxxer.hikari.HikariDataSource       : HikariPool-1 - Starting...
2022-04-25 15:54:20.835  INFO 81582 --- [           main] com.zaxxer.hikari.HikariDataSource       : HikariPool-1 - Start completed.
2022-04-25 15:54:20.849  INFO 81582 --- [           main] org.hibernate.dialect.Dialect            : HHH000400: Using dialect: org.hibernate.dialect.MariaDB103Dialect
2022-04-25 15:54:21.121  INFO 81582 --- [           main] o.h.e.t.j.p.i.JtaPlatformInitiator       : HHH000490: Using JtaPlatform implementation: [org.hibernate.engine.transaction.jta.platform.internal.NoJtaPlatform]
2022-04-25 15:54:21.125  INFO 81582 --- [           main] j.LocalContainerEntityManagerFactoryBean : Initialized JPA EntityManagerFactory for persistence unit 'default'
2022-04-25 15:54:21.405  WARN 81582 --- [           main] JpaBaseConfiguration$JpaWebConfiguration : spring.jpa.open-in-view is enabled by default. Therefore, database queries may be performed during view rendering. Explicitly configure spring.jpa.open-in-view to disable this warning
2022-04-25 15:54:21.551  INFO 81582 --- [           main] o.s.b.a.w.s.WelcomePageHandlerMapping    : Adding welcome page: class path resource [static/index.html]
2022-04-25 15:54:21.616  WARN 81582 --- [           main] ion$DefaultTemplateResolverConfiguration : Cannot find template location: classpath:/templates/ (please add some templates or check your Thymeleaf configuration)
2022-04-25 15:54:21.701  INFO 81582 --- [           main] c.b.m.repository.AccountRepositoryTest   : Started AccountRepositoryTest in 1.831 seconds (JVM running for 2.319)
DataSource 구현 클래스 이름 com.zaxxer.hikari.HikariDataSource
DB URL =jdbc:mariadb://127.0.0.1:3306/boot_db?useUnicode=true&charaterEncoding=utf-8&useSSL=false&serverTimezone=UTC
DB Vendor =MariaDB
DB Username =boot
]]></system-out>
  </testcase>
  <testcase name="crud" classname="com.basic.myspringboot.repository.AccountRepositoryTest" time="0">
    <skipped message="public void com.basic.myspringboot.repository.AccountRepositoryTest.crud() throws java.lang.Exception is @Disabled"/>
  </testcase>
</testsuite>